[INFO ] 2022-11-26 17:02:08.274 [main] TestNGRunner - Test has started
[DEBUG] 2022-11-26 17:02:17.802 [main] TestNGRunner - chromunched 
[INFO ] 2022-11-26 17:02:17.829 [main] TestNGRunner - test has startee has been lad
[ERROR] 2022-11-26 17:02:17.900 [main] TestNGRunner - test has been skipped
[INFO ] 2022-11-26 17:03:13.274 [main] TestNGRunner - Test has started
[DEBUG] 2022-11-26 17:03:22.751 [main] TestNGRunner - chrome has been launched 
[INFO ] 2022-11-26 17:03:22.764 [main] TestNGRunner - test has started
[WARN ] 2022-11-26 17:03:27.117 [main] TestNGRunner - soft assertion failured observed
[DEBUG] 2022-11-26 17:03:35.383 [main] TestNGRunner - chrome has been launched 
[INFO ] 2022-11-26 17:03:35.384 [main] TestNGRunner - test has started
[WARN ] 2022-11-26 17:04:00.461 [main] TestNGRunner - soft assertion failured observed
[DEBUG] 2022-11-26 17:04:08.238 [main] TestNGRunner - chrome has been launched 
[INFO ] 2022-11-26 17:04:08.241 [main] TestNGRunner - test has started
[ERROR] 2022-11-26 17:04:08.242 [main] TestNGRunner - test has been skipped
[INFO ] 2022-11-26 17:04:09.514 [main] TestNGRunner - reprot has been generated
[INFO ] 2022-11-26 17:04:09.515 [main] TestNGRunner - execution has been completed
[INFO ] 2022-11-26 17:12:02.924 [main] TestNGRunner - Test has started
[DEBUG] 2022-11-26 17:12:12.599 [main] TestNGRunner - chrome has been launched 
[INFO ] 2022-11-26 17:12:12.606 [main] TestNGRunner - test has started
[WARN ] 2022-11-26 17:12:17.154 [main] TestNGRunner - soft assertion failured observed
[DEBUG] 2022-11-26 17:12:25.559 [main] TestNGRunner - chrome has been launched 
[INFO ] 2022-11-26 17:12:25.562 [main] TestNGRunner - test has started
[WARN ] 2022-11-26 17:12:47.774 [main] TestNGRunner - soft assertion failured observed
[DEBUG] 2022-11-26 17:12:56.187 [main] TestNGRunner - chrome has been launched 
[INFO ] 2022-11-26 17:12:56.188 [main] TestNGRunner - test has started
[ERROR] 2022-11-26 17:12:56.188 [main] TestNGRunner - test has been skipped
[INFO ] 2022-11-26 17:12:57.285 [main] TestNGRunner - reprot has been generated
[INFO ] 2022-11-26 17:12:57.285 [main] TestNGRunner - execution has been completed
[INFO ] 2022-11-26 17:15:00.982 [main] TestNGRunner - Test has started
[DEBUG] 2022-11-26 17:15:08.482 [main] TestNGRunner - chrome has been launched 
[INFO ] 2022-11-26 17:15:08.491 [main] TestNGRunner - test has started
[WARN ] 2022-11-26 17:15:12.474 [main] TestNGRunner - soft assertion failured observed
[DEBUG] 2022-11-26 17:15:22.041 [main] TestNGRunner - chrome has been launched 
[INFO ] 2022-11-26 17:15:22.043 [main] TestNGRunner - test has started
[WARN ] 2022-11-26 17:15:43.229 [main] TestNGRunner - soft assertion failured observed
[DEBUG] 2022-11-26 17:15:51.141 [main] TestNGRunner - chrome has been launched 
[INFO ] 2022-11-26 17:15:51.142 [main] TestNGRunner - test has started
[ERROR] 2022-11-26 17:15:51.143 [main] TestNGRunner - test has been skipped
[INFO ] 2022-11-26 17:15:52.258 [main] TestNGRunner - reprot has been generated
[INFO ] 2022-11-26 17:15:52.258 [main] TestNGRunner - execution has been completed
[INFO ] 2022-11-26 17:18:40.616 [main] TestNGRunner - Execution has started
[DEBUG] 2022-11-26 17:18:49.462 [main] TestNGRunner - chrome has been launched 
[INFO ] 2022-11-26 17:18:49.471 [main] TestNGRunner - test has started
[WARN ] 2022-11-26 17:18:53.403 [main] TestNGRunner - soft assertion failured observed
[DEBUG] 2022-11-26 17:19:08.126 [main] TestNGRunner - chrome has been launched 
[INFO ] 2022-11-26 17:19:08.128 [main] TestNGRunner - test has started
[WARN ] 2022-11-26 17:19:29.694 [main] TestNGRunner - soft assertion failured observed
[DEBUG] 2022-11-26 17:19:40.641 [main] TestNGRunner - chrome has been launched 
[INFO ] 2022-11-26 17:19:40.644 [main] TestNGRunner - test has started
[ERROR] 2022-11-26 17:19:40.645 [main] TestNGRunner - test has been skipped
[INFO ] 2022-11-26 17:19:41.847 [main] TestNGRunner - reprot has been generated
[INFO ] 2022-11-26 17:19:41.847 [main] TestNGRunner - execution has been completed
[INFO ] 2022-11-26 17:23:43.709 [main] TestNGRunner - Execution has started
[DEBUG] 2022-11-26 17:23:54.667 [main] TestNGRunner - chrome has been launched 
[INFO ] 2022-11-26 17:23:54.673 [main] TestNGRunner - test has started
[WARN ] 2022-11-26 17:23:58.771 [main] TestNGRunner - soft assertion failured observed
[DEBUG] 2022-11-26 17:24:10.524 [main] TestNGRunner - chrome has been launched 
[INFO ] 2022-11-26 17:24:10.526 [main] TestNGRunner - test has started
[WARN ] 2022-11-26 17:24:31.879 [main] TestNGRunner - soft assertion failured observed
[DEBUG] 2022-11-26 17:24:39.372 [main] TestNGRunner - chrome has been launched 
[INFO ] 2022-11-26 17:24:39.373 [main] TestNGRunner - test has started
[ERROR] 2022-11-26 17:24:39.374 [main] TestNGRunner - test has been skipped
[INFO ] 2022-11-26 17:24:40.525 [main] TestNGRunner - reprot has been generated
[INFO ] 2022-11-26 17:24:40.525 [main] TestNGRunner - execution has been completed
[WARN ] 2022-11-26 17:29:02.294 [main] TestNGRunner - soft assertion failured observed
[WARN ] 2022-11-26 17:29:36.577 [main] TestNGRunner - soft assertion failured observed
[ERROR] 2022-11-26 17:29:44.291 [main] TestNGRunner - test has been skipped
[WARN ] 2022-11-26 17:36:40.152 [main] TestNGRunner - soft assertion failured observed
[WARN ] 2022-11-26 17:37:07.342 [main] TestNGRunner - soft assertion failured observed
[ERROR] 2022-11-26 17:37:13.627 [main] TestNGRunner - test has been skipped
