<?xml version="1.0" encoding="UTF-8"?>
<!-- Generated by org.testng.reporters.JUnitXMLReporter -->
<testsuite ignored="0" hostname="LAPTOP-T4UG6R5F" failures="0" tests="3" name="Test" time="5.458" errors="0" timestamp="2023-03-23T15:16:12 IST">
  <testcase classname="com.edusoln.runner.TestNGRunner" name="@BeforeMethod browserSetUp" time="4.427">
    <failure type="org.openqa.selenium.remote.http.ConnectionFailedException" message="Unable to establish websocket connection to http://localhost:52489/devtools/browser/1b327bac-bd98-438d-bfc4-af55c27dce95
Build info: version: &amp;apos;4.4.0&amp;apos;, revision: &amp;apos;e5c75ed026a&amp;apos;
System info: host: &amp;apos;LAPTOP-T4UG6R5F&amp;apos;, ip: &amp;apos;192.168.203.86&amp;apos;, os.name: &amp;apos;Windows 10&amp;apos;, os.arch: &amp;apos;amd64&amp;apos;, os.version: &amp;apos;10.0&amp;apos;, java.version: &amp;apos;11.0.15&amp;apos;
Driver info: driver.version: ChromeDriver">
      <![CDATA[org.openqa.selenium.remote.http.ConnectionFailedException: Unable to establish websocket connection to http://localhost:52489/devtools/browser/1b327bac-bd98-438d-bfc4-af55c27dce95
Build info: version: '4.4.0', revision: 'e5c75ed026a'
System info: host: 'LAPTOP-T4UG6R5F', ip: '192.168.203.86', os.name: 'Windows 10', os.arch: 'amd64', os.version: '10.0', java.version: '11.0.15'
Driver info: driver.version: ChromeDriver
at org.openqa.selenium.remote.http.netty.NettyWebSocket.<init>(NettyWebSocket.java:102)
at org.openqa.selenium.remote.http.netty.NettyWebSocket.lambda$create$3(NettyWebSocket.java:128)
at org.openqa.selenium.remote.http.netty.NettyClient.openSocket(NettyClient.java:106)
at org.openqa.selenium.devtools.Connection.<init>(Connection.java:77)
at org.openqa.selenium.chromium.ChromiumDriver.lambda$new$2(ChromiumDriver.java:116)
at java.base/java.util.Optional.map(Optional.java:265)
at org.openqa.selenium.chromium.ChromiumDriver.<init>(ChromiumDriver.java:114)
at org.openqa.selenium.chrome.ChromeDriver.<init>(ChromeDriver.java:81)
at org.openqa.selenium.chrome.ChromeDriver.<init>(ChromeDriver.java:49)
at com.edusoln.base.CommonMethods.browserLauch(CommonMethods.java:36)
at com.edusoln.runner.TestNGRunner.browserSetUp(TestNGRunner.java:50)
at java.base/java.util.ArrayList.forEach(ArrayList.java:1541)
... Removed 35 stack frames]]>
    </failure>
  </testcase> <!-- @BeforeMethod browserSetUp -->
  <testcase classname="com.edusoln.runner.TestNGRunner" name="@AfterMethod tearDown" time="0.0">
    <skipped/>
  </testcase> <!-- @AfterMethod tearDown -->
  <testcase classname="com.edusoln.runner.TestNGRunner" name="@BeforeMethod browserSetUp" time="0.0">
    <skipped/>
  </testcase> <!-- @BeforeMethod browserSetUp -->
  <testcase classname="com.edusoln.runner.TestNGRunner" name="@AfterMethod tearDown" time="0.0">
    <skipped/>
  </testcase> <!-- @AfterMethod tearDown -->
  <testcase classname="com.edusoln.runner.TestNGRunner" name="@BeforeMethod browserSetUp" time="0.0">
    <skipped/>
  </testcase> <!-- @BeforeMethod browserSetUp -->
  <testcase classname="com.edusoln.runner.TestNGRunner" name="@AfterMethod tearDown" time="0.0">
    <skipped/>
  </testcase> <!-- @AfterMethod tearDown -->
  <testcase classname="com.edusoln.runner.TestNGRunner" name="@AfterTest afterTest" time="0.0">
    <skipped/>
  </testcase> <!-- @AfterTest afterTest -->
  <testcase classname="com.edusoln.runner.TestNGRunner" name="testcase" time="0.0">
    <skipped/>
  </testcase> <!-- testcase -->
  <testcase classname="com.edusoln.runner.TestNGRunner" name="testcase" time="0.001">
    <skipped/>
  </testcase> <!-- testcase -->
  <testcase classname="com.edusoln.runner.TestNGRunner" name="testcase" time="0.0">
    <skipped/>
  </testcase> <!-- testcase -->
</testsuite> <!-- Test -->
